<?xml version="1.0" encoding="UTF-8"?>
<!-- Generated by org.testng.reporters.JUnitReportReporter -->
<testsuite hostname="WKSPUN05GTR0030" failures="0" tests="1" name="com.booksWagon.runners.TestRunner" time="611.796" errors="0" timestamp="2025-05-25T23:40:07 IST" skipped="0">
  <testcase classname="com.booksWagon.runners.TestRunner" name="runScenario" time="611.796"/>
</testsuite> <!-- com.booksWagon.runners.TestRunner -->
